[0.022s] Invoking command in '/home/ic/cadeira/build/cadeira': CMAKE_PREFIX_PATH=${CMAKE_PREFIX_PATH}:/home/ic/ros2_ws/install/rqt_joint_trajectory_controller:/home/ic/ros2_ws/install/rqt_controller_manager:/home/ic/ros2_ws/install/ros2controlcli:/home/ic/ros2_ws/install/ros2_controllers_test_nodes:/opt/ros/iron /usr/bin/cmake --build /home/ic/cadeira/build/cadeira -- -j8 -l8
[0.094s] [35m[1mConsolidate compiler generated dependencies of target controlador_lidar[0m
[0.124s] [ 50%] [32mBuilding CXX object CMakeFiles/controlador_lidar.dir/src/controlador_lidar.cpp.o[0m
[5.044s] [100%] [32m[1mLinking CXX executable controlador_lidar[0m
[5.276s] [100%] Built target controlador_lidar
[5.337s] Invoked command in '/home/ic/cadeira/build/cadeira' returned '0': CMAKE_PREFIX_PATH=${CMAKE_PREFIX_PATH}:/home/ic/ros2_ws/install/rqt_joint_trajectory_controller:/home/ic/ros2_ws/install/rqt_controller_manager:/home/ic/ros2_ws/install/ros2controlcli:/home/ic/ros2_ws/install/ros2_controllers_test_nodes:/opt/ros/iron /usr/bin/cmake --build /home/ic/cadeira/build/cadeira -- -j8 -l8
[5.430s] Invoking command in '/home/ic/cadeira/build/cadeira': CMAKE_PREFIX_PATH=${CMAKE_PREFIX_PATH}:/home/ic/ros2_ws/install/rqt_joint_trajectory_controller:/home/ic/ros2_ws/install/rqt_controller_manager:/home/ic/ros2_ws/install/ros2controlcli:/home/ic/ros2_ws/install/ros2_controllers_test_nodes:/opt/ros/iron /usr/bin/cmake --install /home/ic/cadeira/build/cadeira
[5.444s] -- Install configuration: ""
[5.445s] -- Execute custom install script
[5.445s] -- Up-to-date symlink: /home/ic/cadeira/install/cadeira/lib/cadeira/controlador_lidar
[5.446s] -- Up-to-date symlink: /home/ic/cadeira/install/cadeira/share/cadeira/launch/launch_sim.launch.py
[5.447s] -- Up-to-date symlink: /home/ic/cadeira/install/cadeira/share/cadeira/launch/rsp.launch.py
[5.447s] -- Up-to-date symlink: /home/ic/cadeira/install/cadeira/share/cadeira/config/gazebo_params.yaml
[5.447s] -- Up-to-date symlink: /home/ic/cadeira/install/cadeira/share/cadeira/config/joint_controller.yaml
[5.448s] -- Up-to-date symlink: /home/ic/cadeira/install/cadeira/share/cadeira/description/cadeira.urdf
[5.448s] -- Up-to-date symlink: /home/ic/cadeira/install/cadeira/share/cadeira/description/cadeira.urdf.xacro
[5.448s] -- Up-to-date symlink: /home/ic/cadeira/install/cadeira/share/cadeira/description/cadeira.xacro
[5.449s] -- Up-to-date symlink: /home/ic/cadeira/install/cadeira/share/cadeira/description/cadeira2.urdf
[5.449s] -- Up-to-date symlink: /home/ic/cadeira/install/cadeira/share/cadeira/description/gazebo_control.xacro
[5.449s] -- Up-to-date symlink: /home/ic/cadeira/install/cadeira/share/cadeira/description/macros_inercia.xacro
[5.449s] -- Up-to-date symlink: /home/ic/cadeira/install/cadeira/share/ament_index/resource_index/package_run_dependencies/cadeira
[5.450s] -- Up-to-date symlink: /home/ic/cadeira/install/cadeira/share/ament_index/resource_index/parent_prefix_path/cadeira
[5.450s] -- Up-to-date symlink: /home/ic/cadeira/install/cadeira/share/cadeira/environment/ament_prefix_path.sh
[5.450s] -- Up-to-date symlink: /home/ic/cadeira/install/cadeira/share/cadeira/environment/ament_prefix_path.dsv
[5.451s] -- Up-to-date symlink: /home/ic/cadeira/install/cadeira/share/cadeira/environment/path.sh
[5.451s] -- Up-to-date symlink: /home/ic/cadeira/install/cadeira/share/cadeira/environment/path.dsv
[5.451s] -- Up-to-date symlink: /home/ic/cadeira/install/cadeira/share/cadeira/local_setup.bash
[5.451s] -- Up-to-date symlink: /home/ic/cadeira/install/cadeira/share/cadeira/local_setup.sh
[5.452s] -- Up-to-date symlink: /home/ic/cadeira/install/cadeira/share/cadeira/local_setup.zsh
[5.452s] -- Up-to-date symlink: /home/ic/cadeira/install/cadeira/share/cadeira/local_setup.dsv
[5.452s] -- Symlinking: /home/ic/cadeira/install/cadeira/share/cadeira/package.dsv
[5.470s] -- Up-to-date symlink: /home/ic/cadeira/install/cadeira/share/ament_index/resource_index/packages/cadeira
[5.470s] -- Up-to-date symlink: /home/ic/cadeira/install/cadeira/share/cadeira/cmake/cadeiraConfig.cmake
[5.470s] -- Up-to-date symlink: /home/ic/cadeira/install/cadeira/share/cadeira/cmake/cadeiraConfig-version.cmake
[5.470s] -- Up-to-date symlink: /home/ic/cadeira/install/cadeira/share/cadeira/package.xml
[5.474s] Invoked command in '/home/ic/cadeira/build/cadeira' returned '0': CMAKE_PREFIX_PATH=${CMAKE_PREFIX_PATH}:/home/ic/ros2_ws/install/rqt_joint_trajectory_controller:/home/ic/ros2_ws/install/rqt_controller_manager:/home/ic/ros2_ws/install/ros2controlcli:/home/ic/ros2_ws/install/ros2_controllers_test_nodes:/opt/ros/iron /usr/bin/cmake --install /home/ic/cadeira/build/cadeira
