[0.115s] DEBUG:colcon:Command line arguments: ['/usr/bin/colcon', 'build', '--symlink-install']
[0.115s] DEBUG:colcon:Parsed command line arguments: Namespace(log_base=None, log_level=None, verb_name='build', build_base='build', install_base='install', merge_install=False, symlink_install=True, test_result_base=None, continue_on_error=False, executor='parallel', parallel_workers=8, event_handlers=None, ignore_user_meta=False, metas=['./colcon.meta'], base_paths=['.'], packages_ignore=None, packages_ignore_regex=None, paths=None, packages_up_to=None, packages_up_to_regex=None, packages_above=None, packages_above_and_dependencies=None, packages_above_depth=None, packages_select_by_dep=None, packages_skip_by_dep=None, packages_skip_up_to=None, packages_select_build_failed=False, packages_skip_build_finished=False, packages_select_test_failures=False, packages_skip_test_passed=False, packages_select=None, packages_skip=None, packages_select_regex=None, packages_skip_regex=None, packages_start=None, packages_end=None, allow_overriding=[], cmake_args=None, cmake_target=None, cmake_target_skip_unavailable=False, cmake_clean_cache=False, cmake_clean_first=False, cmake_force_configure=False, ament_cmake_args=None, catkin_cmake_args=None, catkin_skip_building_tests=False, mixin_files=None, mixin=None, verb_parser=<colcon_mixin.mixin.mixin_argument.MixinArgumentDecorator object at 0x7418bb66c070>, verb_extension=<colcon_core.verb.build.BuildVerb object at 0x7418bb637ac0>, main=<bound method BuildVerb.main of <colcon_core.verb.build.BuildVerb object at 0x7418bb637ac0>>, mixin_verb=('build',))
[0.302s] Level 1:colcon.colcon_core.package_discovery:discover_packages(colcon_meta) check parameters
[0.302s] Level 1:colcon.colcon_core.package_discovery:discover_packages(recursive) check parameters
[0.302s] Level 1:colcon.colcon_core.package_discovery:discover_packages(ignore) check parameters
[0.302s] Level 1:colcon.colcon_core.package_discovery:discover_packages(path) check parameters
[0.303s] Level 1:colcon.colcon_core.package_discovery:discover_packages(colcon_meta) discover
[0.303s] Level 1:colcon.colcon_core.package_discovery:discover_packages(recursive) discover
[0.303s] INFO:colcon.colcon_core.package_discovery:Crawling recursively for packages in '/home/ic/cadeira'
[0.303s] Level 1:colcon.colcon_core.package_identification:_identify(.) by extensions ['ignore', 'ignore_ament_install']
[0.303s] Level 1:colcon.colcon_core.package_identification:_identify(.) by extension 'ignore'
[0.303s] Level 1:colcon.colcon_core.package_identification:_identify(.) by extension 'ignore_ament_install'
[0.303s] Level 1:colcon.colcon_core.package_identification:_identify(.) by extensions ['colcon_pkg']
[0.303s] Level 1:colcon.colcon_core.package_identification:_identify(.) by extension 'colcon_pkg'
[0.303s] Level 1:colcon.colcon_core.package_identification:_identify(.) by extensions ['colcon_meta']
[0.303s] Level 1:colcon.colcon_core.package_identification:_identify(.) by extension 'colcon_meta'
[0.303s] Level 1:colcon.colcon_core.package_identification:_identify(.) by extensions ['ros']
[0.303s] Level 1:colcon.colcon_core.package_identification:_identify(.) by extension 'ros'
[0.314s] Level 1:colcon.colcon_core.package_identification:_identify(.) by extensions ['cmake', 'python']
[0.314s] Level 1:colcon.colcon_core.package_identification:_identify(.) by extension 'cmake'
[0.314s] Level 1:colcon.colcon_core.package_identification:_identify(.) by extension 'python'
[0.314s] Level 1:colcon.colcon_core.package_identification:_identify(.) by extensions ['python_setup_py']
[0.314s] Level 1:colcon.colcon_core.package_identification:_identify(.) by extension 'python_setup_py'
[0.315s] Level 1:colcon.colcon_core.package_identification:_identify(build) by extensions ['ignore', 'ignore_ament_install']
[0.315s] Level 1:colcon.colcon_core.package_identification:_identify(build) by extension 'ignore'
[0.315s] Level 1:colcon.colcon_core.package_identification:_identify(build) ignored
[0.315s] Level 1:colcon.colcon_core.package_identification:_identify(install) by extensions ['ignore', 'ignore_ament_install']
[0.315s] Level 1:colcon.colcon_core.package_identification:_identify(install) by extension 'ignore'
[0.315s] Level 1:colcon.colcon_core.package_identification:_identify(install) ignored
[0.315s] Level 1:colcon.colcon_core.package_identification:_identify(log) by extensions ['ignore', 'ignore_ament_install']
[0.316s] Level 1:colcon.colcon_core.package_identification:_identify(log) by extension 'ignore'
[0.316s] Level 1:colcon.colcon_core.package_identification:_identify(log) ignored
[0.316s] Level 1:colcon.colcon_core.package_identification:_identify(src) by extensions ['ignore', 'ignore_ament_install']
[0.316s] Level 1:colcon.colcon_core.package_identification:_identify(src) by extension 'ignore'
[0.316s] Level 1:colcon.colcon_core.package_identification:_identify(src) by extension 'ignore_ament_install'
[0.316s] Level 1:colcon.colcon_core.package_identification:_identify(src) by extensions ['colcon_pkg']
[0.316s] Level 1:colcon.colcon_core.package_identification:_identify(src) by extension 'colcon_pkg'
[0.316s] Level 1:colcon.colcon_core.package_identification:_identify(src) by extensions ['colcon_meta']
[0.316s] Level 1:colcon.colcon_core.package_identification:_identify(src) by extension 'colcon_meta'
[0.316s] Level 1:colcon.colcon_core.package_identification:_identify(src) by extensions ['ros']
[0.317s] Level 1:colcon.colcon_core.package_identification:_identify(src) by extension 'ros'
[0.317s] Level 1:colcon.colcon_core.package_identification:_identify(src) by extensions ['cmake', 'python']
[0.317s] Level 1:colcon.colcon_core.package_identification:_identify(src) by extension 'cmake'
[0.317s] Level 1:colcon.colcon_core.package_identification:_identify(src) by extension 'python'
[0.317s] Level 1:colcon.colcon_core.package_identification:_identify(src) by extensions ['python_setup_py']
[0.317s] Level 1:colcon.colcon_core.package_identification:_identify(src) by extension 'python_setup_py'
[0.317s] Level 1:colcon.colcon_core.package_identification:_identify(src/cadeira) by extensions ['ignore', 'ignore_ament_install']
[0.317s] Level 1:colcon.colcon_core.package_identification:_identify(src/cadeira) by extension 'ignore'
[0.317s] Level 1:colcon.colcon_core.package_identification:_identify(src/cadeira) by extension 'ignore_ament_install'
[0.317s] Level 1:colcon.colcon_core.package_identification:_identify(src/cadeira) by extensions ['colcon_pkg']
[0.317s] Level 1:colcon.colcon_core.package_identification:_identify(src/cadeira) by extension 'colcon_pkg'
[0.317s] Level 1:colcon.colcon_core.package_identification:_identify(src/cadeira) by extensions ['colcon_meta']
[0.317s] Level 1:colcon.colcon_core.package_identification:_identify(src/cadeira) by extension 'colcon_meta'
[0.318s] Level 1:colcon.colcon_core.package_identification:_identify(src/cadeira) by extensions ['ros']
[0.318s] Level 1:colcon.colcon_core.package_identification:_identify(src/cadeira) by extension 'ros'
[0.321s] DEBUG:colcon.colcon_core.package_identification:Package 'src/cadeira' with type 'ros.ament_cmake' and name 'cadeira'
[0.321s] Level 1:colcon.colcon_core.package_discovery:discover_packages(recursive) using defaults
[0.321s] Level 1:colcon.colcon_core.package_discovery:discover_packages(ignore) discover
[0.321s] Level 1:colcon.colcon_core.package_discovery:discover_packages(ignore) using defaults
[0.321s] Level 1:colcon.colcon_core.package_discovery:discover_packages(path) discover
[0.321s] Level 1:colcon.colcon_core.package_discovery:discover_packages(path) using defaults
[0.351s] Level 1:colcon.colcon_core.package_discovery:discover_packages(prefix_path) check parameters
[0.351s] Level 1:colcon.colcon_core.package_discovery:discover_packages(prefix_path) discover
[0.355s] DEBUG:colcon.colcon_installed_package_information.package_discovery:Found 1 installed packages in /home/ic/cadeira/install
[0.355s] DEBUG:colcon.colcon_installed_package_information.package_discovery:Found 0 installed packages in /home/ic/Navegacao/install
[0.356s] DEBUG:colcon.colcon_installed_package_information.package_discovery:Found 1 installed packages in /home/ic/articubot_one/install
[0.356s] DEBUG:colcon.colcon_installed_package_information.package_discovery:Found 2 installed packages in /home/ic/my_bot_ws/install
[0.357s] DEBUG:colcon.colcon_installed_package_information.package_discovery:Found 2 installed packages in /home/ic/teste3/install
[0.357s] DEBUG:colcon.colcon_installed_package_information.package_discovery:Found 0 installed packages in /home/ic/teste4/install
[0.358s] DEBUG:colcon.colcon_installed_package_information.package_discovery:Found 0 installed packages in /home/ic/teste2/install
[0.358s] DEBUG:colcon.colcon_installed_package_information.package_discovery:Found 0 installed packages in /home/ic/teste/install
[0.359s] DEBUG:colcon.colcon_installed_package_information.package_discovery:Found 0 installed packages in /home/ic/tutorial2/install
[0.359s] DEBUG:colcon.colcon_installed_package_information.package_discovery:Found 0 installed packages in /home/ic/tutorial/install
[0.361s] DEBUG:colcon.colcon_installed_package_information.package_discovery:Found 56 installed packages in /home/ic/ros2_ws/install
[0.363s] DEBUG:colcon.colcon_installed_package_information.package_discovery:Found 385 installed packages in /opt/ros/iron
[0.365s] Level 1:colcon.colcon_core.package_discovery:discover_packages(prefix_path) using defaults
[0.426s] Level 5:colcon.colcon_core.verb:set package 'cadeira' build argument 'cmake_args' from command line to 'None'
[0.426s] Level 5:colcon.colcon_core.verb:set package 'cadeira' build argument 'cmake_target' from command line to 'None'
[0.426s] Level 5:colcon.colcon_core.verb:set package 'cadeira' build argument 'cmake_target_skip_unavailable' from command line to 'False'
[0.426s] Level 5:colcon.colcon_core.verb:set package 'cadeira' build argument 'cmake_clean_cache' from command line to 'False'
[0.426s] Level 5:colcon.colcon_core.verb:set package 'cadeira' build argument 'cmake_clean_first' from command line to 'False'
[0.426s] Level 5:colcon.colcon_core.verb:set package 'cadeira' build argument 'cmake_force_configure' from command line to 'False'
[0.426s] Level 5:colcon.colcon_core.verb:set package 'cadeira' build argument 'ament_cmake_args' from command line to 'None'
[0.426s] Level 5:colcon.colcon_core.verb:set package 'cadeira' build argument 'catkin_cmake_args' from command line to 'None'
[0.426s] Level 5:colcon.colcon_core.verb:set package 'cadeira' build argument 'catkin_skip_building_tests' from command line to 'False'
[0.426s] DEBUG:colcon.colcon_core.verb:Building package 'cadeira' with the following arguments: {'ament_cmake_args': None, 'build_base': '/home/ic/cadeira/build/cadeira', 'catkin_cmake_args': None, 'catkin_skip_building_tests': False, 'cmake_args': None, 'cmake_clean_cache': False, 'cmake_clean_first': False, 'cmake_force_configure': False, 'cmake_target': None, 'cmake_target_skip_unavailable': False, 'install_base': '/home/ic/cadeira/install/cadeira', 'merge_install': False, 'path': '/home/ic/cadeira/src/cadeira', 'symlink_install': True, 'test_result_base': None}
[0.426s] INFO:colcon.colcon_core.executor:Executing jobs using 'parallel' executor
[0.428s] DEBUG:colcon.colcon_parallel_executor.executor.parallel:run_until_complete
[0.428s] INFO:colcon.colcon_ros.task.ament_cmake.build:Building ROS package in '/home/ic/cadeira/src/cadeira' with build type 'ament_cmake'
[0.428s] INFO:colcon.colcon_cmake.task.cmake.build:Building CMake package in '/home/ic/cadeira/src/cadeira'
[0.431s] INFO:colcon.colcon_core.plugin_system:Skipping extension 'colcon_core.shell.bat': Not used on non-Windows systems
[0.431s] INFO:colcon.colcon_core.shell:Skip shell extension 'powershell' for command environment: Not usable outside of PowerShell
[0.431s] DEBUG:colcon.colcon_core.shell:Skip shell extension 'dsv' for command environment
[0.453s] DEBUG:colcon.colcon_core.event_handler.log_command:Invoking command in '/home/ic/cadeira/build/cadeira': CMAKE_PREFIX_PATH=${CMAKE_PREFIX_PATH}:/home/ic/ros2_ws/install/rqt_joint_trajectory_controller:/home/ic/ros2_ws/install/rqt_controller_manager:/home/ic/ros2_ws/install/ros2controlcli:/home/ic/ros2_ws/install/ros2_controllers_test_nodes:/opt/ros/iron /usr/bin/cmake /home/ic/cadeira/src/cadeira -DAMENT_CMAKE_SYMLINK_INSTALL=1 -DCMAKE_INSTALL_PREFIX=/home/ic/cadeira/install/cadeira
[1.660s] DEBUG:colcon.colcon_core.event_handler.log_command:Invoked command in '/home/ic/cadeira/build/cadeira' returned '0': CMAKE_PREFIX_PATH=${CMAKE_PREFIX_PATH}:/home/ic/ros2_ws/install/rqt_joint_trajectory_controller:/home/ic/ros2_ws/install/rqt_controller_manager:/home/ic/ros2_ws/install/ros2controlcli:/home/ic/ros2_ws/install/ros2_controllers_test_nodes:/opt/ros/iron /usr/bin/cmake /home/ic/cadeira/src/cadeira -DAMENT_CMAKE_SYMLINK_INSTALL=1 -DCMAKE_INSTALL_PREFIX=/home/ic/cadeira/install/cadeira
[1.661s] DEBUG:colcon.colcon_core.event_handler.log_command:Invoking command in '/home/ic/cadeira/build/cadeira': CMAKE_PREFIX_PATH=${CMAKE_PREFIX_PATH}:/home/ic/ros2_ws/install/rqt_joint_trajectory_controller:/home/ic/ros2_ws/install/rqt_controller_manager:/home/ic/ros2_ws/install/ros2controlcli:/home/ic/ros2_ws/install/ros2_controllers_test_nodes:/opt/ros/iron /usr/bin/cmake --build /home/ic/cadeira/build/cadeira -- -j8 -l8
[1.776s] DEBUG:colcon.colcon_core.event_handler.log_command:Invoked command in '/home/ic/cadeira/build/cadeira' returned '0': CMAKE_PREFIX_PATH=${CMAKE_PREFIX_PATH}:/home/ic/ros2_ws/install/rqt_joint_trajectory_controller:/home/ic/ros2_ws/install/rqt_controller_manager:/home/ic/ros2_ws/install/ros2controlcli:/home/ic/ros2_ws/install/ros2_controllers_test_nodes:/opt/ros/iron /usr/bin/cmake --build /home/ic/cadeira/build/cadeira -- -j8 -l8
[1.848s] DEBUG:colcon.colcon_core.event_handler.log_command:Invoking command in '/home/ic/cadeira/build/cadeira': CMAKE_PREFIX_PATH=${CMAKE_PREFIX_PATH}:/home/ic/ros2_ws/install/rqt_joint_trajectory_controller:/home/ic/ros2_ws/install/rqt_controller_manager:/home/ic/ros2_ws/install/ros2controlcli:/home/ic/ros2_ws/install/ros2_controllers_test_nodes:/opt/ros/iron /usr/bin/cmake --install /home/ic/cadeira/build/cadeira
[1.882s] Level 1:colcon.colcon_core.environment:create_environment_scripts_only(cadeira)
[1.883s] DEBUG:colcon.colcon_core.event_handler.log_command:Invoked command in '/home/ic/cadeira/build/cadeira' returned '0': CMAKE_PREFIX_PATH=${CMAKE_PREFIX_PATH}:/home/ic/ros2_ws/install/rqt_joint_trajectory_controller:/home/ic/ros2_ws/install/rqt_controller_manager:/home/ic/ros2_ws/install/ros2controlcli:/home/ic/ros2_ws/install/ros2_controllers_test_nodes:/opt/ros/iron /usr/bin/cmake --install /home/ic/cadeira/build/cadeira
[1.886s] Level 1:colcon.colcon_core.environment:checking '/home/ic/cadeira/install/cadeira' for CMake module files
[1.887s] Level 1:colcon.colcon_core.environment:checking '/home/ic/cadeira/install/cadeira' for CMake config files
[1.887s] Level 1:colcon.colcon_core.shell:create_environment_hook('cadeira', 'cmake_prefix_path')
[1.887s] INFO:colcon.colcon_core.shell:Creating environment hook '/home/ic/cadeira/install/cadeira/share/cadeira/hook/cmake_prefix_path.ps1'
[1.888s] INFO:colcon.colcon_core.shell:Creating environment descriptor '/home/ic/cadeira/install/cadeira/share/cadeira/hook/cmake_prefix_path.dsv'
[1.889s] INFO:colcon.colcon_core.shell:Creating environment hook '/home/ic/cadeira/install/cadeira/share/cadeira/hook/cmake_prefix_path.sh'
[1.890s] Level 1:colcon.colcon_core.environment:checking '/home/ic/cadeira/install/cadeira/lib'
[1.890s] Level 1:colcon.colcon_core.environment:checking '/home/ic/cadeira/install/cadeira/bin'
[1.890s] Level 1:colcon.colcon_core.environment:checking '/home/ic/cadeira/install/cadeira/lib/pkgconfig/cadeira.pc'
[1.891s] Level 1:colcon.colcon_core.environment:checking '/home/ic/cadeira/install/cadeira/lib/python3.10/site-packages'
[1.891s] Level 1:colcon.colcon_core.environment:checking '/home/ic/cadeira/install/cadeira/bin'
[1.892s] INFO:colcon.colcon_core.shell:Creating package script '/home/ic/cadeira/install/cadeira/share/cadeira/package.ps1'
[1.893s] INFO:colcon.colcon_core.shell:Creating package descriptor '/home/ic/cadeira/install/cadeira/share/cadeira/package.dsv'
[1.893s] INFO:colcon.colcon_core.shell:Creating package script '/home/ic/cadeira/install/cadeira/share/cadeira/package.sh'
[1.894s] INFO:colcon.colcon_core.shell:Creating package script '/home/ic/cadeira/install/cadeira/share/cadeira/package.bash'
[1.894s] INFO:colcon.colcon_core.shell:Creating package script '/home/ic/cadeira/install/cadeira/share/cadeira/package.zsh'
[1.895s] Level 1:colcon.colcon_core.environment:create_file_with_runtime_dependencies(/home/ic/cadeira/install/cadeira/share/colcon-core/packages/cadeira)
[1.955s] Level 1:colcon.colcon_core.environment:create_environment_scripts_only(cadeira)
[1.956s] Level 1:colcon.colcon_core.environment:checking '/home/ic/cadeira/install/cadeira' for CMake module files
[1.957s] Level 1:colcon.colcon_core.environment:checking '/home/ic/cadeira/install/cadeira' for CMake config files
[1.957s] Level 1:colcon.colcon_core.shell:create_environment_hook('cadeira', 'cmake_prefix_path')
[1.957s] INFO:colcon.colcon_core.shell:Creating environment hook '/home/ic/cadeira/install/cadeira/share/cadeira/hook/cmake_prefix_path.ps1'
[1.958s] INFO:colcon.colcon_core.shell:Creating environment descriptor '/home/ic/cadeira/install/cadeira/share/cadeira/hook/cmake_prefix_path.dsv'
[1.958s] INFO:colcon.colcon_core.shell:Creating environment hook '/home/ic/cadeira/install/cadeira/share/cadeira/hook/cmake_prefix_path.sh'
[1.959s] Level 1:colcon.colcon_core.environment:checking '/home/ic/cadeira/install/cadeira/lib'
[1.959s] Level 1:colcon.colcon_core.environment:checking '/home/ic/cadeira/install/cadeira/bin'
[1.959s] Level 1:colcon.colcon_core.environment:checking '/home/ic/cadeira/install/cadeira/lib/pkgconfig/cadeira.pc'
[1.959s] Level 1:colcon.colcon_core.environment:checking '/home/ic/cadeira/install/cadeira/lib/python3.10/site-packages'
[1.960s] Level 1:colcon.colcon_core.environment:checking '/home/ic/cadeira/install/cadeira/bin'
[1.960s] INFO:colcon.colcon_core.shell:Creating package script '/home/ic/cadeira/install/cadeira/share/cadeira/package.ps1'
[1.960s] INFO:colcon.colcon_core.shell:Creating package descriptor '/home/ic/cadeira/install/cadeira/share/cadeira/package.dsv'
[1.961s] INFO:colcon.colcon_core.shell:Creating package script '/home/ic/cadeira/install/cadeira/share/cadeira/package.sh'
[1.961s] INFO:colcon.colcon_core.shell:Creating package script '/home/ic/cadeira/install/cadeira/share/cadeira/package.bash'
[1.962s] INFO:colcon.colcon_core.shell:Creating package script '/home/ic/cadeira/install/cadeira/share/cadeira/package.zsh'
[1.962s] Level 1:colcon.colcon_core.environment:create_file_with_runtime_dependencies(/home/ic/cadeira/install/cadeira/share/colcon-core/packages/cadeira)
[1.963s] DEBUG:colcon.colcon_parallel_executor.executor.parallel:closing loop
[1.963s] DEBUG:colcon.colcon_parallel_executor.executor.parallel:loop closed
[1.963s] DEBUG:colcon.colcon_parallel_executor.executor.parallel:run_until_complete finished with '0'
[1.963s] DEBUG:colcon.colcon_core.event_reactor:joining thread
[1.969s] INFO:colcon.colcon_core.plugin_system:Skipping extension 'colcon_notification.desktop_notification.terminal_notifier': Not used on non-Darwin systems
[1.969s] INFO:colcon.colcon_core.plugin_system:Skipping extension 'colcon_notification.desktop_notification.win32': Not used on non-Windows systems
[1.969s] INFO:colcon.colcon_notification.desktop_notification:Sending desktop notification using 'notify2'
[1.980s] DEBUG:colcon.colcon_core.event_reactor:joined thread
[1.981s] INFO:colcon.colcon_core.shell:Creating prefix script '/home/ic/cadeira/install/local_setup.ps1'
[1.982s] INFO:colcon.colcon_core.shell:Creating prefix util module '/home/ic/cadeira/install/_local_setup_util_ps1.py'
[1.983s] INFO:colcon.colcon_core.shell:Creating prefix chain script '/home/ic/cadeira/install/setup.ps1'
[1.989s] INFO:colcon.colcon_core.shell:Creating prefix script '/home/ic/cadeira/install/local_setup.sh'
[1.990s] INFO:colcon.colcon_core.shell:Creating prefix util module '/home/ic/cadeira/install/_local_setup_util_sh.py'
[1.991s] INFO:colcon.colcon_core.shell:Creating prefix chain script '/home/ic/cadeira/install/setup.sh'
[1.997s] INFO:colcon.colcon_core.shell:Creating prefix script '/home/ic/cadeira/install/local_setup.bash'
[1.997s] INFO:colcon.colcon_core.shell:Creating prefix chain script '/home/ic/cadeira/install/setup.bash'
[2.001s] INFO:colcon.colcon_core.shell:Creating prefix script '/home/ic/cadeira/install/local_setup.zsh'
[2.002s] INFO:colcon.colcon_core.shell:Creating prefix chain script '/home/ic/cadeira/install/setup.zsh'
