[0.137s] Invoking command in '/home/ic/cadeira/build/cadeira': CMAKE_PREFIX_PATH=${CMAKE_PREFIX_PATH}:/home/ic/ros2_ws/install/rqt_joint_trajectory_controller:/home/ic/ros2_ws/install/rqt_controller_manager:/home/ic/ros2_ws/install/ros2controlcli:/home/ic/ros2_ws/install/ros2_controllers_test_nodes:/opt/ros/iron /usr/bin/cmake --build /home/ic/cadeira/build/cadeira -- -j8 -l8
[1.049s] [100%] Built target controlador_lidar
[1.066s] Invoked command in '/home/ic/cadeira/build/cadeira' returned '0': CMAKE_PREFIX_PATH=${CMAKE_PREFIX_PATH}:/home/ic/ros2_ws/install/rqt_joint_trajectory_controller:/home/ic/ros2_ws/install/rqt_controller_manager:/home/ic/ros2_ws/install/ros2controlcli:/home/ic/ros2_ws/install/ros2_controllers_test_nodes:/opt/ros/iron /usr/bin/cmake --build /home/ic/cadeira/build/cadeira -- -j8 -l8
[1.142s] Invoking command in '/home/ic/cadeira/build/cadeira': CMAKE_PREFIX_PATH=${CMAKE_PREFIX_PATH}:/home/ic/ros2_ws/install/rqt_joint_trajectory_controller:/home/ic/ros2_ws/install/rqt_controller_manager:/home/ic/ros2_ws/install/ros2controlcli:/home/ic/ros2_ws/install/ros2_controllers_test_nodes:/opt/ros/iron /usr/bin/cmake --install /home/ic/cadeira/build/cadeira
[1.172s] -- Install configuration: ""
[1.198s] -- Execute custom install script
[1.198s] -- Up-to-date symlink: /home/ic/cadeira/install/cadeira/lib/cadeira/controlador_lidar
[1.199s] -- Up-to-date symlink: /home/ic/cadeira/install/cadeira/share/cadeira/launch/launch_sim.launch.py
[1.199s] -- Up-to-date symlink: /home/ic/cadeira/install/cadeira/share/cadeira/launch/rsp.launch.py
[1.200s] -- Up-to-date symlink: /home/ic/cadeira/install/cadeira/share/cadeira/config/gazebo_params.yaml
[1.200s] -- Up-to-date symlink: /home/ic/cadeira/install/cadeira/share/cadeira/config/joint_controller.yaml
[1.200s] -- Up-to-date symlink: /home/ic/cadeira/install/cadeira/share/cadeira/description/cadeira.urdf
[1.200s] -- Up-to-date symlink: /home/ic/cadeira/install/cadeira/share/cadeira/description/cadeira.urdf.xacro
[1.201s] -- Up-to-date symlink: /home/ic/cadeira/install/cadeira/share/cadeira/description/cadeira2.urdf
[1.201s] -- Up-to-date symlink: /home/ic/cadeira/install/cadeira/share/cadeira/description/gazebo_control.xacro
[1.201s] -- Up-to-date symlink: /home/ic/cadeira/install/cadeira/share/cadeira/description/macros_inercia.xacro
[1.201s] -- Up-to-date symlink: /home/ic/cadeira/install/cadeira/share/ament_index/resource_index/package_run_dependencies/cadeira
[1.201s] -- Up-to-date symlink: /home/ic/cadeira/install/cadeira/share/ament_index/resource_index/parent_prefix_path/cadeira
[1.202s] -- Up-to-date symlink: /home/ic/cadeira/install/cadeira/share/cadeira/environment/ament_prefix_path.sh
[1.202s] -- Up-to-date symlink: /home/ic/cadeira/install/cadeira/share/cadeira/environment/ament_prefix_path.dsv
[1.202s] -- Up-to-date symlink: /home/ic/cadeira/install/cadeira/share/cadeira/environment/path.sh
[1.202s] -- Up-to-date symlink: /home/ic/cadeira/install/cadeira/share/cadeira/environment/path.dsv
[1.203s] -- Up-to-date symlink: /home/ic/cadeira/install/cadeira/share/cadeira/local_setup.bash
[1.203s] -- Up-to-date symlink: /home/ic/cadeira/install/cadeira/share/cadeira/local_setup.sh
[1.203s] -- Up-to-date symlink: /home/ic/cadeira/install/cadeira/share/cadeira/local_setup.zsh
[1.203s] -- Up-to-date symlink: /home/ic/cadeira/install/cadeira/share/cadeira/local_setup.dsv
[1.203s] -- Symlinking: /home/ic/cadeira/install/cadeira/share/cadeira/package.dsv
[1.217s] -- Up-to-date symlink: /home/ic/cadeira/install/cadeira/share/ament_index/resource_index/packages/cadeira
[1.218s] -- Up-to-date symlink: /home/ic/cadeira/install/cadeira/share/cadeira/cmake/cadeiraConfig.cmake
[1.218s] -- Up-to-date symlink: /home/ic/cadeira/install/cadeira/share/cadeira/cmake/cadeiraConfig-version.cmake
[1.218s] -- Up-to-date symlink: /home/ic/cadeira/install/cadeira/share/cadeira/package.xml
[1.220s] Invoked command in '/home/ic/cadeira/build/cadeira' returned '0': CMAKE_PREFIX_PATH=${CMAKE_PREFIX_PATH}:/home/ic/ros2_ws/install/rqt_joint_trajectory_controller:/home/ic/ros2_ws/install/rqt_controller_manager:/home/ic/ros2_ws/install/ros2controlcli:/home/ic/ros2_ws/install/ros2_controllers_test_nodes:/opt/ros/iron /usr/bin/cmake --install /home/ic/cadeira/build/cadeira
