[0.026s] Invoking command in '/home/ic/cadeira/build/cadeira': CMAKE_PREFIX_PATH=${CMAKE_PREFIX_PATH}:/home/ic/ros2_ws/install/rqt_joint_trajectory_controller:/home/ic/ros2_ws/install/rqt_controller_manager:/home/ic/ros2_ws/install/ros2controlcli:/home/ic/ros2_ws/install/ros2_controllers_test_nodes:/opt/ros/iron /usr/bin/cmake /home/ic/cadeira/src/cadeira -DAMENT_CMAKE_SYMLINK_INSTALL=1 -DCMAKE_INSTALL_PREFIX=/home/ic/cadeira/install/cadeira
[0.050s] -- Found ament_cmake: 2.0.5 (/opt/ros/iron/share/ament_cmake/cmake)
[0.273s] -- Override CMake install command with custom implementation using symlinks instead of copying resources
[0.283s] -- Found rclcpp: 21.0.6 (/opt/ros/iron/share/rclcpp/cmake)
[0.327s] -- Found rosidl_generator_c: 4.0.1 (/opt/ros/iron/share/rosidl_generator_c/cmake)
[0.339s] -- Found rosidl_generator_cpp: 4.0.1 (/opt/ros/iron/share/rosidl_generator_cpp/cmake)
[0.359s] -- Using all available rosidl_typesupport_c: rosidl_typesupport_fastrtps_c;rosidl_typesupport_introspection_c
[0.384s] -- Using all available rosidl_typesupport_cpp: rosidl_typesupport_fastrtps_cpp;rosidl_typesupport_introspection_cpp
[0.605s] -- Found rmw_implementation_cmake: 7.1.0 (/opt/ros/iron/share/rmw_implementation_cmake/cmake)
[0.610s] -- Found rmw_fastrtps_cpp: 7.1.3 (/opt/ros/iron/share/rmw_fastrtps_cpp/cmake)
[0.837s] -- Using RMW implementation 'rmw_fastrtps_cpp' as default
[1.073s] -- Found trajectory_msgs: 5.0.1 (/opt/ros/iron/share/trajectory_msgs/cmake)
[1.429s] -- Configuring done
[1.443s] -- Generating done
[1.445s] -- Build files have been written to: /home/ic/cadeira/build/cadeira
[1.455s] Invoked command in '/home/ic/cadeira/build/cadeira' returned '0': CMAKE_PREFIX_PATH=${CMAKE_PREFIX_PATH}:/home/ic/ros2_ws/install/rqt_joint_trajectory_controller:/home/ic/ros2_ws/install/rqt_controller_manager:/home/ic/ros2_ws/install/ros2controlcli:/home/ic/ros2_ws/install/ros2_controllers_test_nodes:/opt/ros/iron /usr/bin/cmake /home/ic/cadeira/src/cadeira -DAMENT_CMAKE_SYMLINK_INSTALL=1 -DCMAKE_INSTALL_PREFIX=/home/ic/cadeira/install/cadeira
[1.456s] Invoking command in '/home/ic/cadeira/build/cadeira': CMAKE_PREFIX_PATH=${CMAKE_PREFIX_PATH}:/home/ic/ros2_ws/install/rqt_joint_trajectory_controller:/home/ic/ros2_ws/install/rqt_controller_manager:/home/ic/ros2_ws/install/ros2controlcli:/home/ic/ros2_ws/install/ros2_controllers_test_nodes:/opt/ros/iron /usr/bin/cmake --build /home/ic/cadeira/build/cadeira -- -j8 -l8
[1.540s] [35m[1mConsolidate compiler generated dependencies of target controlador_lidar[0m
[1.575s] [100%] Built target controlador_lidar
[1.596s] Invoked command in '/home/ic/cadeira/build/cadeira' returned '0': CMAKE_PREFIX_PATH=${CMAKE_PREFIX_PATH}:/home/ic/ros2_ws/install/rqt_joint_trajectory_controller:/home/ic/ros2_ws/install/rqt_controller_manager:/home/ic/ros2_ws/install/ros2controlcli:/home/ic/ros2_ws/install/ros2_controllers_test_nodes:/opt/ros/iron /usr/bin/cmake --build /home/ic/cadeira/build/cadeira -- -j8 -l8
[1.686s] Invoking command in '/home/ic/cadeira/build/cadeira': CMAKE_PREFIX_PATH=${CMAKE_PREFIX_PATH}:/home/ic/ros2_ws/install/rqt_joint_trajectory_controller:/home/ic/ros2_ws/install/rqt_controller_manager:/home/ic/ros2_ws/install/ros2controlcli:/home/ic/ros2_ws/install/ros2_controllers_test_nodes:/opt/ros/iron /usr/bin/cmake --install /home/ic/cadeira/build/cadeira
[1.702s] -- Install configuration: ""
[1.702s] -- Execute custom install script
[1.703s] -- Up-to-date symlink: /home/ic/cadeira/install/cadeira/lib/cadeira/controlador_lidar
[1.703s] -- Symlinking: /home/ic/cadeira/install/cadeira/share/cadeira/launch/gpt.launch.py
[1.722s] -- Up-to-date symlink: /home/ic/cadeira/install/cadeira/share/cadeira/launch/launch_sim.launch.py
[1.722s] -- Up-to-date symlink: /home/ic/cadeira/install/cadeira/share/cadeira/launch/rsp.launch.py
[1.722s] -- Up-to-date symlink: /home/ic/cadeira/install/cadeira/share/cadeira/config/gazebo_params.yaml
[1.722s] -- Up-to-date symlink: /home/ic/cadeira/install/cadeira/share/cadeira/config/joint_controller.yaml
[1.723s] -- Up-to-date symlink: /home/ic/cadeira/install/cadeira/share/cadeira/description/cadeira.urdf
[1.723s] -- Up-to-date symlink: /home/ic/cadeira/install/cadeira/share/cadeira/description/cadeira.urdf.xacro
[1.723s] -- Up-to-date symlink: /home/ic/cadeira/install/cadeira/share/cadeira/description/cadeira2.urdf
[1.723s] -- Up-to-date symlink: /home/ic/cadeira/install/cadeira/share/cadeira/description/gazebo_control.xacro
[1.723s] -- Up-to-date symlink: /home/ic/cadeira/install/cadeira/share/cadeira/description/macros_inercia.xacro
[1.724s] -- Up-to-date symlink: /home/ic/cadeira/install/cadeira/share/ament_index/resource_index/package_run_dependencies/cadeira
[1.724s] -- Up-to-date symlink: /home/ic/cadeira/install/cadeira/share/ament_index/resource_index/parent_prefix_path/cadeira
[1.724s] -- Up-to-date symlink: /home/ic/cadeira/install/cadeira/share/cadeira/environment/ament_prefix_path.sh
[1.725s] -- Up-to-date symlink: /home/ic/cadeira/install/cadeira/share/cadeira/environment/ament_prefix_path.dsv
[1.725s] -- Up-to-date symlink: /home/ic/cadeira/install/cadeira/share/cadeira/environment/path.sh
[1.725s] -- Up-to-date symlink: /home/ic/cadeira/install/cadeira/share/cadeira/environment/path.dsv
[1.726s] -- Up-to-date symlink: /home/ic/cadeira/install/cadeira/share/cadeira/local_setup.bash
[1.726s] -- Up-to-date symlink: /home/ic/cadeira/install/cadeira/share/cadeira/local_setup.sh
[1.726s] -- Up-to-date symlink: /home/ic/cadeira/install/cadeira/share/cadeira/local_setup.zsh
[1.726s] -- Up-to-date symlink: /home/ic/cadeira/install/cadeira/share/cadeira/local_setup.dsv
[1.726s] -- Symlinking: /home/ic/cadeira/install/cadeira/share/cadeira/package.dsv
[1.745s] -- Up-to-date symlink: /home/ic/cadeira/install/cadeira/share/ament_index/resource_index/packages/cadeira
[1.745s] -- Up-to-date symlink: /home/ic/cadeira/install/cadeira/share/cadeira/cmake/cadeiraConfig.cmake
[1.746s] -- Up-to-date symlink: /home/ic/cadeira/install/cadeira/share/cadeira/cmake/cadeiraConfig-version.cmake
[1.746s] -- Up-to-date symlink: /home/ic/cadeira/install/cadeira/share/cadeira/package.xml
[1.749s] Invoked command in '/home/ic/cadeira/build/cadeira' returned '0': CMAKE_PREFIX_PATH=${CMAKE_PREFIX_PATH}:/home/ic/ros2_ws/install/rqt_joint_trajectory_controller:/home/ic/ros2_ws/install/rqt_controller_manager:/home/ic/ros2_ws/install/ros2controlcli:/home/ic/ros2_ws/install/ros2_controllers_test_nodes:/opt/ros/iron /usr/bin/cmake --install /home/ic/cadeira/build/cadeira
