-- Found ament_cmake: 2.0.5 (/opt/ros/iron/share/ament_cmake/cmake)
-- Override CMake install command with custom implementation using symlinks instead of copying resources
-- Found ament_lint_auto: 0.14.3 (/opt/ros/iron/share/ament_lint_auto/cmake)
-- Added test 'lint_cmake' to check CMake code style
-- Added test 'xmllint' to check XML markup files
-- Configuring done
-- Generating done
-- Build files have been written to: /home/ic/cadeira/build/cadeira
-- Install configuration: ""
-- Execute custom install script
-- Symlinking: /home/ic/cadeira/install/cadeira/share/ament_index/resource_index/package_run_dependencies/cadeira
-- Symlinking: /home/ic/cadeira/install/cadeira/share/ament_index/resource_index/parent_prefix_path/cadeira
-- Symlinking: /home/ic/cadeira/install/cadeira/share/cadeira/environment/ament_prefix_path.sh
-- Symlinking: /home/ic/cadeira/install/cadeira/share/cadeira/environment/ament_prefix_path.dsv
-- Symlinking: /home/ic/cadeira/install/cadeira/share/cadeira/environment/path.sh
-- Symlinking: /home/ic/cadeira/install/cadeira/share/cadeira/environment/path.dsv
-- Symlinking: /home/ic/cadeira/install/cadeira/share/cadeira/local_setup.bash
-- Symlinking: /home/ic/cadeira/install/cadeira/share/cadeira/local_setup.sh
-- Symlinking: /home/ic/cadeira/install/cadeira/share/cadeira/local_setup.zsh
-- Symlinking: /home/ic/cadeira/install/cadeira/share/cadeira/local_setup.dsv
-- Symlinking: /home/ic/cadeira/install/cadeira/share/cadeira/package.dsv
-- Symlinking: /home/ic/cadeira/install/cadeira/share/ament_index/resource_index/packages/cadeira
-- Symlinking: /home/ic/cadeira/install/cadeira/share/cadeira/cmake/cadeiraConfig.cmake
-- Symlinking: /home/ic/cadeira/install/cadeira/share/cadeira/cmake/cadeiraConfig-version.cmake
-- Symlinking: /home/ic/cadeira/install/cadeira/share/cadeira/package.xml
