[0.025s] Invoking command in '/home/ic/cadeira/build/cadeira': CMAKE_PREFIX_PATH=${CMAKE_PREFIX_PATH}:/home/ic/ros2_ws/install/rqt_joint_trajectory_controller:/home/ic/ros2_ws/install/rqt_controller_manager:/home/ic/ros2_ws/install/ros2controlcli:/home/ic/ros2_ws/install/ros2_controllers_test_nodes:/opt/ros/iron /usr/bin/cmake /home/ic/cadeira/src/cadeira -DAMENT_CMAKE_SYMLINK_INSTALL=1 -DCMAKE_INSTALL_PREFIX=/home/ic/cadeira/install/cadeira
[0.048s] -- Found ament_cmake: 2.0.5 (/opt/ros/iron/share/ament_cmake/cmake)
[0.250s] -- Override CMake install command with custom implementation using symlinks instead of copying resources
[0.346s] -- Found ament_lint_auto: 0.14.3 (/opt/ros/iron/share/ament_lint_auto/cmake)
[0.768s] -- Added test 'lint_cmake' to check CMake code style
[0.774s] -- Added test 'xmllint' to check XML markup files
[0.782s] -- Configuring done
[0.787s] -- Generating done
[0.788s] -- Build files have been written to: /home/ic/cadeira/build/cadeira
[0.791s] Invoked command in '/home/ic/cadeira/build/cadeira' returned '0': CMAKE_PREFIX_PATH=${CMAKE_PREFIX_PATH}:/home/ic/ros2_ws/install/rqt_joint_trajectory_controller:/home/ic/ros2_ws/install/rqt_controller_manager:/home/ic/ros2_ws/install/ros2controlcli:/home/ic/ros2_ws/install/ros2_controllers_test_nodes:/opt/ros/iron /usr/bin/cmake /home/ic/cadeira/src/cadeira -DAMENT_CMAKE_SYMLINK_INSTALL=1 -DCMAKE_INSTALL_PREFIX=/home/ic/cadeira/install/cadeira
[0.793s] Invoking command in '/home/ic/cadeira/build/cadeira': CMAKE_PREFIX_PATH=${CMAKE_PREFIX_PATH}:/home/ic/ros2_ws/install/rqt_joint_trajectory_controller:/home/ic/ros2_ws/install/rqt_controller_manager:/home/ic/ros2_ws/install/ros2controlcli:/home/ic/ros2_ws/install/ros2_controllers_test_nodes:/opt/ros/iron /usr/bin/cmake --build /home/ic/cadeira/build/cadeira -- -j8 -l8
[0.869s] Invoked command in '/home/ic/cadeira/build/cadeira' returned '0': CMAKE_PREFIX_PATH=${CMAKE_PREFIX_PATH}:/home/ic/ros2_ws/install/rqt_joint_trajectory_controller:/home/ic/ros2_ws/install/rqt_controller_manager:/home/ic/ros2_ws/install/ros2controlcli:/home/ic/ros2_ws/install/ros2_controllers_test_nodes:/opt/ros/iron /usr/bin/cmake --build /home/ic/cadeira/build/cadeira -- -j8 -l8
[0.947s] Invoking command in '/home/ic/cadeira/build/cadeira': CMAKE_PREFIX_PATH=${CMAKE_PREFIX_PATH}:/home/ic/ros2_ws/install/rqt_joint_trajectory_controller:/home/ic/ros2_ws/install/rqt_controller_manager:/home/ic/ros2_ws/install/ros2controlcli:/home/ic/ros2_ws/install/ros2_controllers_test_nodes:/opt/ros/iron /usr/bin/cmake --install /home/ic/cadeira/build/cadeira
[0.963s] -- Install configuration: ""
[0.964s] -- Execute custom install script
[0.964s] -- Symlinking: /home/ic/cadeira/install/cadeira/share/ament_index/resource_index/package_run_dependencies/cadeira
[0.982s] -- Symlinking: /home/ic/cadeira/install/cadeira/share/ament_index/resource_index/parent_prefix_path/cadeira
[1.000s] -- Symlinking: /home/ic/cadeira/install/cadeira/share/cadeira/environment/ament_prefix_path.sh
[1.018s] -- Symlinking: /home/ic/cadeira/install/cadeira/share/cadeira/environment/ament_prefix_path.dsv
[1.035s] -- Symlinking: /home/ic/cadeira/install/cadeira/share/cadeira/environment/path.sh
[1.053s] -- Symlinking: /home/ic/cadeira/install/cadeira/share/cadeira/environment/path.dsv
[1.070s] -- Symlinking: /home/ic/cadeira/install/cadeira/share/cadeira/local_setup.bash
[1.087s] -- Symlinking: /home/ic/cadeira/install/cadeira/share/cadeira/local_setup.sh
[1.104s] -- Symlinking: /home/ic/cadeira/install/cadeira/share/cadeira/local_setup.zsh
[1.122s] -- Symlinking: /home/ic/cadeira/install/cadeira/share/cadeira/local_setup.dsv
[1.140s] -- Symlinking: /home/ic/cadeira/install/cadeira/share/cadeira/package.dsv
[1.157s] -- Symlinking: /home/ic/cadeira/install/cadeira/share/ament_index/resource_index/packages/cadeira
[1.175s] -- Symlinking: /home/ic/cadeira/install/cadeira/share/cadeira/cmake/cadeiraConfig.cmake
[1.193s] -- Symlinking: /home/ic/cadeira/install/cadeira/share/cadeira/cmake/cadeiraConfig-version.cmake
[1.210s] -- Symlinking: /home/ic/cadeira/install/cadeira/share/cadeira/package.xml
[1.230s] Invoked command in '/home/ic/cadeira/build/cadeira' returned '0': CMAKE_PREFIX_PATH=${CMAKE_PREFIX_PATH}:/home/ic/ros2_ws/install/rqt_joint_trajectory_controller:/home/ic/ros2_ws/install/rqt_controller_manager:/home/ic/ros2_ws/install/ros2controlcli:/home/ic/ros2_ws/install/ros2_controllers_test_nodes:/opt/ros/iron /usr/bin/cmake --install /home/ic/cadeira/build/cadeira
