[0.135s] DEBUG:colcon:Command line arguments: ['/usr/bin/colcon', 'build', '--symlink-install']
[0.135s] DEBUG:colcon:Parsed command line arguments: Namespace(log_base=None, log_level=None, verb_name='build', build_base='build', install_base='install', merge_install=False, symlink_install=True, test_result_base=None, continue_on_error=False, executor='parallel', parallel_workers=8, event_handlers=None, ignore_user_meta=False, metas=['./colcon.meta'], base_paths=['.'], packages_ignore=None, packages_ignore_regex=None, paths=None, packages_up_to=None, packages_up_to_regex=None, packages_above=None, packages_above_and_dependencies=None, packages_above_depth=None, packages_select_by_dep=None, packages_skip_by_dep=None, packages_skip_up_to=None, packages_select_build_failed=False, packages_skip_build_finished=False, packages_select_test_failures=False, packages_skip_test_passed=False, packages_select=None, packages_skip=None, packages_select_regex=None, packages_skip_regex=None, packages_start=None, packages_end=None, allow_overriding=[], cmake_args=None, cmake_target=None, cmake_target_skip_unavailable=False, cmake_clean_cache=False, cmake_clean_first=False, cmake_force_configure=False, ament_cmake_args=None, catkin_cmake_args=None, catkin_skip_building_tests=False, mixin_files=None, mixin=None, verb_parser=<colcon_mixin.mixin.mixin_argument.MixinArgumentDecorator object at 0x7d4fe766c070>, verb_extension=<colcon_core.verb.build.BuildVerb object at 0x7d4fe7637ac0>, main=<bound method BuildVerb.main of <colcon_core.verb.build.BuildVerb object at 0x7d4fe7637ac0>>, mixin_verb=('build',))
[0.342s] Level 1:colcon.colcon_core.package_discovery:discover_packages(colcon_meta) check parameters
[0.343s] Level 1:colcon.colcon_core.package_discovery:discover_packages(recursive) check parameters
[0.343s] Level 1:colcon.colcon_core.package_discovery:discover_packages(ignore) check parameters
[0.343s] Level 1:colcon.colcon_core.package_discovery:discover_packages(path) check parameters
[0.343s] Level 1:colcon.colcon_core.package_discovery:discover_packages(colcon_meta) discover
[0.343s] Level 1:colcon.colcon_core.package_discovery:discover_packages(recursive) discover
[0.343s] INFO:colcon.colcon_core.package_discovery:Crawling recursively for packages in '/home/ic/cadeira'
[0.343s] Level 1:colcon.colcon_core.package_identification:_identify(.) by extensions ['ignore', 'ignore_ament_install']
[0.343s] Level 1:colcon.colcon_core.package_identification:_identify(.) by extension 'ignore'
[0.343s] Level 1:colcon.colcon_core.package_identification:_identify(.) by extension 'ignore_ament_install'
[0.343s] Level 1:colcon.colcon_core.package_identification:_identify(.) by extensions ['colcon_pkg']
[0.343s] Level 1:colcon.colcon_core.package_identification:_identify(.) by extension 'colcon_pkg'
[0.343s] Level 1:colcon.colcon_core.package_identification:_identify(.) by extensions ['colcon_meta']
[0.343s] Level 1:colcon.colcon_core.package_identification:_identify(.) by extension 'colcon_meta'
[0.343s] Level 1:colcon.colcon_core.package_identification:_identify(.) by extensions ['ros']
[0.343s] Level 1:colcon.colcon_core.package_identification:_identify(.) by extension 'ros'
[0.356s] Level 1:colcon.colcon_core.package_identification:_identify(.) by extensions ['cmake', 'python']
[0.356s] Level 1:colcon.colcon_core.package_identification:_identify(.) by extension 'cmake'
[0.356s] Level 1:colcon.colcon_core.package_identification:_identify(.) by extension 'python'
[0.356s] Level 1:colcon.colcon_core.package_identification:_identify(.) by extensions ['python_setup_py']
[0.356s] Level 1:colcon.colcon_core.package_identification:_identify(.) by extension 'python_setup_py'
[0.356s] Level 1:colcon.colcon_core.package_identification:_identify(build) by extensions ['ignore', 'ignore_ament_install']
[0.356s] Level 1:colcon.colcon_core.package_identification:_identify(build) by extension 'ignore'
[0.356s] Level 1:colcon.colcon_core.package_identification:_identify(build) ignored
[0.357s] Level 1:colcon.colcon_core.package_identification:_identify(install) by extensions ['ignore', 'ignore_ament_install']
[0.357s] Level 1:colcon.colcon_core.package_identification:_identify(install) by extension 'ignore'
[0.357s] Level 1:colcon.colcon_core.package_identification:_identify(install) ignored
[0.357s] Level 1:colcon.colcon_core.package_identification:_identify(log) by extensions ['ignore', 'ignore_ament_install']
[0.357s] Level 1:colcon.colcon_core.package_identification:_identify(log) by extension 'ignore'
[0.357s] Level 1:colcon.colcon_core.package_identification:_identify(log) ignored
[0.357s] Level 1:colcon.colcon_core.package_identification:_identify(src) by extensions ['ignore', 'ignore_ament_install']
[0.357s] Level 1:colcon.colcon_core.package_identification:_identify(src) by extension 'ignore'
[0.357s] Level 1:colcon.colcon_core.package_identification:_identify(src) by extension 'ignore_ament_install'
[0.357s] Level 1:colcon.colcon_core.package_identification:_identify(src) by extensions ['colcon_pkg']
[0.357s] Level 1:colcon.colcon_core.package_identification:_identify(src) by extension 'colcon_pkg'
[0.357s] Level 1:colcon.colcon_core.package_identification:_identify(src) by extensions ['colcon_meta']
[0.358s] Level 1:colcon.colcon_core.package_identification:_identify(src) by extension 'colcon_meta'
[0.358s] Level 1:colcon.colcon_core.package_identification:_identify(src) by extensions ['ros']
[0.358s] Level 1:colcon.colcon_core.package_identification:_identify(src) by extension 'ros'
[0.358s] Level 1:colcon.colcon_core.package_identification:_identify(src) by extensions ['cmake', 'python']
[0.358s] Level 1:colcon.colcon_core.package_identification:_identify(src) by extension 'cmake'
[0.358s] Level 1:colcon.colcon_core.package_identification:_identify(src) by extension 'python'
[0.358s] Level 1:colcon.colcon_core.package_identification:_identify(src) by extensions ['python_setup_py']
[0.358s] Level 1:colcon.colcon_core.package_identification:_identify(src) by extension 'python_setup_py'
[0.358s] Level 1:colcon.colcon_core.package_identification:_identify(src/cadeira) by extensions ['ignore', 'ignore_ament_install']
[0.358s] Level 1:colcon.colcon_core.package_identification:_identify(src/cadeira) by extension 'ignore'
[0.358s] Level 1:colcon.colcon_core.package_identification:_identify(src/cadeira) by extension 'ignore_ament_install'
[0.358s] Level 1:colcon.colcon_core.package_identification:_identify(src/cadeira) by extensions ['colcon_pkg']
[0.358s] Level 1:colcon.colcon_core.package_identification:_identify(src/cadeira) by extension 'colcon_pkg'
[0.358s] Level 1:colcon.colcon_core.package_identification:_identify(src/cadeira) by extensions ['colcon_meta']
[0.358s] Level 1:colcon.colcon_core.package_identification:_identify(src/cadeira) by extension 'colcon_meta'
[0.358s] Level 1:colcon.colcon_core.package_identification:_identify(src/cadeira) by extensions ['ros']
[0.359s] Level 1:colcon.colcon_core.package_identification:_identify(src/cadeira) by extension 'ros'
[0.361s] DEBUG:colcon.colcon_core.package_identification:Package 'src/cadeira' with type 'ros.ament_cmake' and name 'cadeira'
[0.361s] Level 1:colcon.colcon_core.package_discovery:discover_packages(recursive) using defaults
[0.361s] Level 1:colcon.colcon_core.package_discovery:discover_packages(ignore) discover
[0.361s] Level 1:colcon.colcon_core.package_discovery:discover_packages(ignore) using defaults
[0.361s] Level 1:colcon.colcon_core.package_discovery:discover_packages(path) discover
[0.362s] Level 1:colcon.colcon_core.package_discovery:discover_packages(path) using defaults
[0.392s] Level 1:colcon.colcon_core.package_discovery:discover_packages(prefix_path) check parameters
[0.392s] Level 1:colcon.colcon_core.package_discovery:discover_packages(prefix_path) discover
[0.396s] DEBUG:colcon.colcon_installed_package_information.package_discovery:Found 1 installed packages in /home/ic/cadeira/install
[0.397s] DEBUG:colcon.colcon_installed_package_information.package_discovery:Found 0 installed packages in /home/ic/Navegacao/install
[0.397s] DEBUG:colcon.colcon_installed_package_information.package_discovery:Found 1 installed packages in /home/ic/articubot_one/install
[0.398s] DEBUG:colcon.colcon_installed_package_information.package_discovery:Found 2 installed packages in /home/ic/my_bot_ws/install
[0.398s] DEBUG:colcon.colcon_installed_package_information.package_discovery:Found 2 installed packages in /home/ic/teste3/install
[0.398s] DEBUG:colcon.colcon_installed_package_information.package_discovery:Found 0 installed packages in /home/ic/teste4/install
[0.399s] DEBUG:colcon.colcon_installed_package_information.package_discovery:Found 0 installed packages in /home/ic/teste2/install
[0.399s] DEBUG:colcon.colcon_installed_package_information.package_discovery:Found 0 installed packages in /home/ic/teste/install
[0.400s] DEBUG:colcon.colcon_installed_package_information.package_discovery:Found 0 installed packages in /home/ic/tutorial2/install
[0.400s] DEBUG:colcon.colcon_installed_package_information.package_discovery:Found 0 installed packages in /home/ic/tutorial/install
[0.402s] DEBUG:colcon.colcon_installed_package_information.package_discovery:Found 56 installed packages in /home/ic/ros2_ws/install
[0.404s] DEBUG:colcon.colcon_installed_package_information.package_discovery:Found 385 installed packages in /opt/ros/iron
[0.406s] Level 1:colcon.colcon_core.package_discovery:discover_packages(prefix_path) using defaults
[0.474s] Level 5:colcon.colcon_core.verb:set package 'cadeira' build argument 'cmake_args' from command line to 'None'
[0.474s] Level 5:colcon.colcon_core.verb:set package 'cadeira' build argument 'cmake_target' from command line to 'None'
[0.474s] Level 5:colcon.colcon_core.verb:set package 'cadeira' build argument 'cmake_target_skip_unavailable' from command line to 'False'
[0.475s] Level 5:colcon.colcon_core.verb:set package 'cadeira' build argument 'cmake_clean_cache' from command line to 'False'
[0.475s] Level 5:colcon.colcon_core.verb:set package 'cadeira' build argument 'cmake_clean_first' from command line to 'False'
[0.475s] Level 5:colcon.colcon_core.verb:set package 'cadeira' build argument 'cmake_force_configure' from command line to 'False'
[0.475s] Level 5:colcon.colcon_core.verb:set package 'cadeira' build argument 'ament_cmake_args' from command line to 'None'
[0.475s] Level 5:colcon.colcon_core.verb:set package 'cadeira' build argument 'catkin_cmake_args' from command line to 'None'
[0.475s] Level 5:colcon.colcon_core.verb:set package 'cadeira' build argument 'catkin_skip_building_tests' from command line to 'False'
[0.475s] DEBUG:colcon.colcon_core.verb:Building package 'cadeira' with the following arguments: {'ament_cmake_args': None, 'build_base': '/home/ic/cadeira/build/cadeira', 'catkin_cmake_args': None, 'catkin_skip_building_tests': False, 'cmake_args': None, 'cmake_clean_cache': False, 'cmake_clean_first': False, 'cmake_force_configure': False, 'cmake_target': None, 'cmake_target_skip_unavailable': False, 'install_base': '/home/ic/cadeira/install/cadeira', 'merge_install': False, 'path': '/home/ic/cadeira/src/cadeira', 'symlink_install': True, 'test_result_base': None}
[0.475s] INFO:colcon.colcon_core.executor:Executing jobs using 'parallel' executor
[0.476s] DEBUG:colcon.colcon_parallel_executor.executor.parallel:run_until_complete
[0.476s] INFO:colcon.colcon_ros.task.ament_cmake.build:Building ROS package in '/home/ic/cadeira/src/cadeira' with build type 'ament_cmake'
[0.477s] INFO:colcon.colcon_cmake.task.cmake.build:Building CMake package in '/home/ic/cadeira/src/cadeira'
[0.480s] INFO:colcon.colcon_core.plugin_system:Skipping extension 'colcon_core.shell.bat': Not used on non-Windows systems
[0.480s] INFO:colcon.colcon_core.shell:Skip shell extension 'powershell' for command environment: Not usable outside of PowerShell
[0.480s] DEBUG:colcon.colcon_core.shell:Skip shell extension 'dsv' for command environment
[0.501s] DEBUG:colcon.colcon_core.event_handler.log_command:Invoking command in '/home/ic/cadeira/build/cadeira': CMAKE_PREFIX_PATH=${CMAKE_PREFIX_PATH}:/home/ic/ros2_ws/install/rqt_joint_trajectory_controller:/home/ic/ros2_ws/install/rqt_controller_manager:/home/ic/ros2_ws/install/ros2controlcli:/home/ic/ros2_ws/install/ros2_controllers_test_nodes:/opt/ros/iron /usr/bin/cmake --build /home/ic/cadeira/build/cadeira -- -j8 -l8
[8.247s] DEBUG:colcon.colcon_core.event_handler.log_command:Invoked command in '/home/ic/cadeira/build/cadeira' returned '2': CMAKE_PREFIX_PATH=${CMAKE_PREFIX_PATH}:/home/ic/ros2_ws/install/rqt_joint_trajectory_controller:/home/ic/ros2_ws/install/rqt_controller_manager:/home/ic/ros2_ws/install/ros2controlcli:/home/ic/ros2_ws/install/ros2_controllers_test_nodes:/opt/ros/iron /usr/bin/cmake --build /home/ic/cadeira/build/cadeira -- -j8 -l8
[8.306s] Level 1:colcon.colcon_core.environment:create_environment_scripts_only(cadeira)
[8.308s] Level 1:colcon.colcon_core.environment:checking '/home/ic/cadeira/install/cadeira' for CMake module files
[8.309s] Level 1:colcon.colcon_core.environment:checking '/home/ic/cadeira/install/cadeira' for CMake config files
[8.309s] Level 1:colcon.colcon_core.shell:create_environment_hook('cadeira', 'cmake_prefix_path')
[8.309s] INFO:colcon.colcon_core.shell:Creating environment hook '/home/ic/cadeira/install/cadeira/share/cadeira/hook/cmake_prefix_path.ps1'
[8.310s] INFO:colcon.colcon_core.shell:Creating environment descriptor '/home/ic/cadeira/install/cadeira/share/cadeira/hook/cmake_prefix_path.dsv'
[8.310s] INFO:colcon.colcon_core.shell:Creating environment hook '/home/ic/cadeira/install/cadeira/share/cadeira/hook/cmake_prefix_path.sh'
[8.311s] Level 1:colcon.colcon_core.environment:checking '/home/ic/cadeira/install/cadeira/bin'
[8.311s] Level 1:colcon.colcon_core.environment:checking '/home/ic/cadeira/install/cadeira/lib/pkgconfig/cadeira.pc'
[8.311s] Level 1:colcon.colcon_core.environment:checking '/home/ic/cadeira/install/cadeira/lib/python3.10/site-packages'
[8.312s] Level 1:colcon.colcon_core.environment:checking '/home/ic/cadeira/install/cadeira/bin'
[8.312s] INFO:colcon.colcon_core.shell:Creating package script '/home/ic/cadeira/install/cadeira/share/cadeira/package.ps1'
[8.313s] INFO:colcon.colcon_core.shell:Creating package descriptor '/home/ic/cadeira/install/cadeira/share/cadeira/package.dsv'
[8.313s] INFO:colcon.colcon_core.shell:Creating package script '/home/ic/cadeira/install/cadeira/share/cadeira/package.sh'
[8.314s] INFO:colcon.colcon_core.shell:Creating package script '/home/ic/cadeira/install/cadeira/share/cadeira/package.bash'
[8.315s] INFO:colcon.colcon_core.shell:Creating package script '/home/ic/cadeira/install/cadeira/share/cadeira/package.zsh'
[8.316s] Level 1:colcon.colcon_core.environment:create_file_with_runtime_dependencies(/home/ic/cadeira/install/cadeira/share/colcon-core/packages/cadeira)
[8.326s] DEBUG:colcon.colcon_parallel_executor.executor.parallel:closing loop
[8.327s] DEBUG:colcon.colcon_parallel_executor.executor.parallel:loop closed
[8.327s] DEBUG:colcon.colcon_parallel_executor.executor.parallel:run_until_complete finished with '2'
[8.327s] DEBUG:colcon.colcon_core.event_reactor:joining thread
[8.335s] INFO:colcon.colcon_core.plugin_system:Skipping extension 'colcon_notification.desktop_notification.terminal_notifier': Not used on non-Darwin systems
[8.335s] INFO:colcon.colcon_core.plugin_system:Skipping extension 'colcon_notification.desktop_notification.win32': Not used on non-Windows systems
[8.335s] INFO:colcon.colcon_notification.desktop_notification:Sending desktop notification using 'notify2'
[8.348s] DEBUG:colcon.colcon_core.event_reactor:joined thread
[8.348s] INFO:colcon.colcon_core.shell:Creating prefix script '/home/ic/cadeira/install/local_setup.ps1'
[8.350s] INFO:colcon.colcon_core.shell:Creating prefix util module '/home/ic/cadeira/install/_local_setup_util_ps1.py'
[8.353s] INFO:colcon.colcon_core.shell:Creating prefix chain script '/home/ic/cadeira/install/setup.ps1'
[8.359s] INFO:colcon.colcon_core.shell:Creating prefix script '/home/ic/cadeira/install/local_setup.sh'
[8.359s] INFO:colcon.colcon_core.shell:Creating prefix util module '/home/ic/cadeira/install/_local_setup_util_sh.py'
[8.360s] INFO:colcon.colcon_core.shell:Creating prefix chain script '/home/ic/cadeira/install/setup.sh'
[8.367s] INFO:colcon.colcon_core.shell:Creating prefix script '/home/ic/cadeira/install/local_setup.bash'
[8.367s] INFO:colcon.colcon_core.shell:Creating prefix chain script '/home/ic/cadeira/install/setup.bash'
[8.371s] INFO:colcon.colcon_core.shell:Creating prefix script '/home/ic/cadeira/install/local_setup.zsh'
[8.372s] INFO:colcon.colcon_core.shell:Creating prefix chain script '/home/ic/cadeira/install/setup.zsh'
