[0.041s] Invoking command in '/home/ic/cadeira/build/cadeira': /usr/bin/cmake /home/ic/cadeira/src/cadeira -DCMAKE_INSTALL_PREFIX=/home/ic/cadeira/install/cadeira
[3.376s] -- The C compiler identification is GNU 11.4.0
[4.109s] -- The CXX compiler identification is GNU 11.4.0
[4.147s] -- Detecting C compiler ABI info
[4.462s] -- Detecting C compiler ABI info - done
[4.472s] -- Check for working C compiler: /usr/bin/cc - skipped
[4.473s] -- Detecting C compile features
[4.656s] -- Detecting C compile features - done
[4.673s] -- Detecting CXX compiler ABI info
[4.989s] -- Detecting CXX compiler ABI info - done
[4.999s] -- Check for working CXX compiler: /usr/bin/c++ - skipped
[4.999s] -- Detecting CXX compile features
[5.000s] -- Detecting CXX compile features - done
[5.177s] -- Found ament_cmake: 2.0.5 (/opt/ros/iron/share/ament_cmake/cmake)
[5.892s] -- Found Python3: /usr/bin/python3.10 (found version "3.10.12") found components: Interpreter 
[6.245s] -- Found ament_lint_auto: 0.14.3 (/opt/ros/iron/share/ament_lint_auto/cmake)
[6.331s] Error parsing '/home/ic/cadeira/src/cadeira/package.xml':
[6.391s] Traceback (most recent call last):
[6.391s]   File "/opt/ros/iron/share/ament_cmake_core/cmake/core/package_xml_2_cmake.py", line 150, in <module>
[6.391s]     main()
[6.391s]   File "/opt/ros/iron/share/ament_cmake_core/cmake/core/package_xml_2_cmake.py", line 53, in main
[6.391s]     raise e
[6.391s]   File "/opt/ros/iron/share/ament_cmake_core/cmake/core/package_xml_2_cmake.py", line 49, in main
[6.391s]     package = parse_package_string(
[6.391s]   File "/usr/lib/python3/dist-packages/catkin_pkg/package.py", line 788, in parse_package_string
[6.428s]     pkg.validate(warnings=warnings)
[6.429s]   File "/usr/lib/python3/dist-packages/catkin_pkg/package.py", line 330, in validate
[6.429s]     raise InvalidPackage('\n'.join(errors), self.filename)
[6.429s] catkin_pkg.package.InvalidPackage: Error(s) in package '/home/ic/cadeira/src/cadeira/package.xml':
[6.429s] Invalid email "victorms4@hotmail.com git config --global user.name Victorms4 git config --global user.email victorms4@hotmail.com" for person "ic"
[6.447s] [31mCMake Error at /opt/ros/iron/share/ament_cmake_core/cmake/core/ament_package_xml.cmake:95 (message):
[6.447s]   execute_process(/usr/bin/python3.10
[6.447s]   /opt/ros/iron/share/ament_cmake_core/cmake/core/package_xml_2_cmake.py
[6.448s]   /home/ic/cadeira/src/cadeira/package.xml
[6.448s]   /home/ic/cadeira/build/cadeira/ament_cmake_core/package.cmake) returned
[6.448s]   error code 1
[6.448s] Call Stack (most recent call first):
[6.448s]   /opt/ros/iron/share/ament_cmake_core/cmake/core/ament_package_xml.cmake:49 (_ament_package_xml)
[6.449s]   /opt/ros/iron/share/ament_lint_auto/cmake/ament_lint_auto_find_test_dependencies.cmake:31 (ament_package_xml)
[6.449s]   CMakeLists.txt:23 (ament_lint_auto_find_test_dependencies)
[6.449s] 
[6.449s] [0m
[6.449s] -- Configuring incomplete, errors occurred!
[6.449s] See also "/home/ic/cadeira/build/cadeira/CMakeFiles/CMakeOutput.log".
[6.454s] Invoked command in '/home/ic/cadeira/build/cadeira' returned '1': /usr/bin/cmake /home/ic/cadeira/src/cadeira -DCMAKE_INSTALL_PREFIX=/home/ic/cadeira/install/cadeira
