[0.026s] Invoking command in '/home/ic/cadeira/build/cadeira': CMAKE_PREFIX_PATH=${CMAKE_PREFIX_PATH}:/home/ic/ros2_ws/install/rqt_joint_trajectory_controller:/home/ic/ros2_ws/install/rqt_controller_manager:/home/ic/ros2_ws/install/ros2controlcli:/home/ic/ros2_ws/install/ros2_controllers_test_nodes:/opt/ros/iron /usr/bin/cmake --build /home/ic/cadeira/build/cadeira -- -j8 -l8
[0.165s] -- Found ament_cmake: 2.0.5 (/opt/ros/iron/share/ament_cmake/cmake)
[0.656s] -- Override CMake install command with custom implementation using symlinks instead of copying resources
[0.865s] -- Found rclcpp: 21.0.6 (/opt/ros/iron/share/rclcpp/cmake)
[1.392s] -- Found rosidl_generator_c: 4.0.1 (/opt/ros/iron/share/rosidl_generator_c/cmake)
[1.467s] -- Found rosidl_generator_cpp: 4.0.1 (/opt/ros/iron/share/rosidl_generator_cpp/cmake)
[1.600s] -- Using all available rosidl_typesupport_c: rosidl_typesupport_fastrtps_c;rosidl_typesupport_introspection_c
[1.735s] -- Using all available rosidl_typesupport_cpp: rosidl_typesupport_fastrtps_cpp;rosidl_typesupport_introspection_cpp
[2.125s] -- Found rmw_implementation_cmake: 7.1.0 (/opt/ros/iron/share/rmw_implementation_cmake/cmake)
[2.140s] -- Found rmw_fastrtps_cpp: 7.1.3 (/opt/ros/iron/share/rmw_fastrtps_cpp/cmake)
[2.623s] -- Using RMW implementation 'rmw_fastrtps_cpp' as default
[3.266s] -- Found trajectory_msgs: 5.0.1 (/opt/ros/iron/share/trajectory_msgs/cmake)
[3.695s] [31mCMake Error at CMakeLists.txt:17 (ament_target_dependecies):
[3.695s]   Unknown CMake command "ament_target_dependecies".
[3.695s] 
[3.695s] [0m
[3.695s] -- Configuring incomplete, errors occurred!
[3.695s] See also "/home/ic/cadeira/build/cadeira/CMakeFiles/CMakeOutput.log".
[3.701s] gmake: *** [Makefile:226: cmake_check_build_system] Error 1
[3.705s] Invoked command in '/home/ic/cadeira/build/cadeira' returned '2': CMAKE_PREFIX_PATH=${CMAKE_PREFIX_PATH}:/home/ic/ros2_ws/install/rqt_joint_trajectory_controller:/home/ic/ros2_ws/install/rqt_controller_manager:/home/ic/ros2_ws/install/ros2controlcli:/home/ic/ros2_ws/install/ros2_controllers_test_nodes:/opt/ros/iron /usr/bin/cmake --build /home/ic/cadeira/build/cadeira -- -j8 -l8
