[0.117s] DEBUG:colcon:Command line arguments: ['/usr/bin/colcon', 'build', '--symlink-install']
[0.118s] DEBUG:colcon:Parsed command line arguments: Namespace(log_base=None, log_level=None, verb_name='build', build_base='build', install_base='install', merge_install=False, symlink_install=True, test_result_base=None, continue_on_error=False, executor='parallel', parallel_workers=8, event_handlers=None, ignore_user_meta=False, metas=['./colcon.meta'], base_paths=['.'], packages_ignore=None, packages_ignore_regex=None, paths=None, packages_up_to=None, packages_up_to_regex=None, packages_above=None, packages_above_and_dependencies=None, packages_above_depth=None, packages_select_by_dep=None, packages_skip_by_dep=None, packages_skip_up_to=None, packages_select_build_failed=False, packages_skip_build_finished=False, packages_select_test_failures=False, packages_skip_test_passed=False, packages_select=None, packages_skip=None, packages_select_regex=None, packages_skip_regex=None, packages_start=None, packages_end=None, allow_overriding=[], cmake_args=None, cmake_target=None, cmake_target_skip_unavailable=False, cmake_clean_cache=False, cmake_clean_first=False, cmake_force_configure=False, ament_cmake_args=None, catkin_cmake_args=None, catkin_skip_building_tests=False, mixin_files=None, mixin=None, verb_parser=<colcon_mixin.mixin.mixin_argument.MixinArgumentDecorator object at 0x7c112f06c070>, verb_extension=<colcon_core.verb.build.BuildVerb object at 0x7c112f037ac0>, main=<bound method BuildVerb.main of <colcon_core.verb.build.BuildVerb object at 0x7c112f037ac0>>, mixin_verb=('build',))
[2.028s] Level 1:colcon.colcon_core.package_discovery:discover_packages(colcon_meta) check parameters
[2.028s] Level 1:colcon.colcon_core.package_discovery:discover_packages(recursive) check parameters
[2.028s] Level 1:colcon.colcon_core.package_discovery:discover_packages(ignore) check parameters
[2.028s] Level 1:colcon.colcon_core.package_discovery:discover_packages(path) check parameters
[2.028s] Level 1:colcon.colcon_core.package_discovery:discover_packages(colcon_meta) discover
[2.029s] Level 1:colcon.colcon_core.package_discovery:discover_packages(recursive) discover
[2.029s] INFO:colcon.colcon_core.package_discovery:Crawling recursively for packages in '/home/ic/cadeira'
[2.029s] Level 1:colcon.colcon_core.package_identification:_identify(.) by extensions ['ignore', 'ignore_ament_install']
[2.029s] Level 1:colcon.colcon_core.package_identification:_identify(.) by extension 'ignore'
[2.029s] Level 1:colcon.colcon_core.package_identification:_identify(.) by extension 'ignore_ament_install'
[2.029s] Level 1:colcon.colcon_core.package_identification:_identify(.) by extensions ['colcon_pkg']
[2.029s] Level 1:colcon.colcon_core.package_identification:_identify(.) by extension 'colcon_pkg'
[2.029s] Level 1:colcon.colcon_core.package_identification:_identify(.) by extensions ['colcon_meta']
[2.029s] Level 1:colcon.colcon_core.package_identification:_identify(.) by extension 'colcon_meta'
[2.029s] Level 1:colcon.colcon_core.package_identification:_identify(.) by extensions ['ros']
[2.029s] Level 1:colcon.colcon_core.package_identification:_identify(.) by extension 'ros'
[2.043s] Level 1:colcon.colcon_core.package_identification:_identify(.) by extensions ['cmake', 'python']
[2.043s] Level 1:colcon.colcon_core.package_identification:_identify(.) by extension 'cmake'
[2.043s] Level 1:colcon.colcon_core.package_identification:_identify(.) by extension 'python'
[2.043s] Level 1:colcon.colcon_core.package_identification:_identify(.) by extensions ['python_setup_py']
[2.043s] Level 1:colcon.colcon_core.package_identification:_identify(.) by extension 'python_setup_py'
[2.043s] Level 1:colcon.colcon_core.package_identification:_identify(build) by extensions ['ignore', 'ignore_ament_install']
[2.043s] Level 1:colcon.colcon_core.package_identification:_identify(build) by extension 'ignore'
[2.043s] Level 1:colcon.colcon_core.package_identification:_identify(build) ignored
[2.043s] Level 1:colcon.colcon_core.package_identification:_identify(install) by extensions ['ignore', 'ignore_ament_install']
[2.043s] Level 1:colcon.colcon_core.package_identification:_identify(install) by extension 'ignore'
[2.043s] Level 1:colcon.colcon_core.package_identification:_identify(install) ignored
[2.043s] Level 1:colcon.colcon_core.package_identification:_identify(log) by extensions ['ignore', 'ignore_ament_install']
[2.044s] Level 1:colcon.colcon_core.package_identification:_identify(log) by extension 'ignore'
[2.044s] Level 1:colcon.colcon_core.package_identification:_identify(log) ignored
[2.044s] Level 1:colcon.colcon_core.package_identification:_identify(src) by extensions ['ignore', 'ignore_ament_install']
[2.044s] Level 1:colcon.colcon_core.package_identification:_identify(src) by extension 'ignore'
[2.044s] Level 1:colcon.colcon_core.package_identification:_identify(src) by extension 'ignore_ament_install'
[2.044s] Level 1:colcon.colcon_core.package_identification:_identify(src) by extensions ['colcon_pkg']
[2.044s] Level 1:colcon.colcon_core.package_identification:_identify(src) by extension 'colcon_pkg'
[2.044s] Level 1:colcon.colcon_core.package_identification:_identify(src) by extensions ['colcon_meta']
[2.044s] Level 1:colcon.colcon_core.package_identification:_identify(src) by extension 'colcon_meta'
[2.044s] Level 1:colcon.colcon_core.package_identification:_identify(src) by extensions ['ros']
[2.044s] Level 1:colcon.colcon_core.package_identification:_identify(src) by extension 'ros'
[2.044s] Level 1:colcon.colcon_core.package_identification:_identify(src) by extensions ['cmake', 'python']
[2.044s] Level 1:colcon.colcon_core.package_identification:_identify(src) by extension 'cmake'
[2.044s] Level 1:colcon.colcon_core.package_identification:_identify(src) by extension 'python'
[2.044s] Level 1:colcon.colcon_core.package_identification:_identify(src) by extensions ['python_setup_py']
[2.044s] Level 1:colcon.colcon_core.package_identification:_identify(src) by extension 'python_setup_py'
[2.045s] Level 1:colcon.colcon_core.package_identification:_identify(src/cadeira) by extensions ['ignore', 'ignore_ament_install']
[2.045s] Level 1:colcon.colcon_core.package_identification:_identify(src/cadeira) by extension 'ignore'
[2.045s] Level 1:colcon.colcon_core.package_identification:_identify(src/cadeira) by extension 'ignore_ament_install'
[2.045s] Level 1:colcon.colcon_core.package_identification:_identify(src/cadeira) by extensions ['colcon_pkg']
[2.045s] Level 1:colcon.colcon_core.package_identification:_identify(src/cadeira) by extension 'colcon_pkg'
[2.045s] Level 1:colcon.colcon_core.package_identification:_identify(src/cadeira) by extensions ['colcon_meta']
[2.045s] Level 1:colcon.colcon_core.package_identification:_identify(src/cadeira) by extension 'colcon_meta'
[2.045s] Level 1:colcon.colcon_core.package_identification:_identify(src/cadeira) by extensions ['ros']
[2.045s] Level 1:colcon.colcon_core.package_identification:_identify(src/cadeira) by extension 'ros'
[2.047s] DEBUG:colcon.colcon_core.package_identification:Package 'src/cadeira' with type 'ros.ament_cmake' and name 'cadeira'
[2.047s] Level 1:colcon.colcon_core.package_discovery:discover_packages(recursive) using defaults
[2.047s] Level 1:colcon.colcon_core.package_discovery:discover_packages(ignore) discover
[2.047s] Level 1:colcon.colcon_core.package_discovery:discover_packages(ignore) using defaults
[2.047s] Level 1:colcon.colcon_core.package_discovery:discover_packages(path) discover
[2.047s] Level 1:colcon.colcon_core.package_discovery:discover_packages(path) using defaults
[2.268s] Level 1:colcon.colcon_core.package_discovery:discover_packages(prefix_path) check parameters
[2.268s] Level 1:colcon.colcon_core.package_discovery:discover_packages(prefix_path) discover
[2.369s] DEBUG:colcon.colcon_installed_package_information.package_discovery:Found 1 installed packages in /home/ic/cadeira/install
[2.390s] DEBUG:colcon.colcon_installed_package_information.package_discovery:Found 0 installed packages in /home/ic/Navegacao/install
[2.392s] DEBUG:colcon.colcon_installed_package_information.package_discovery:Found 1 installed packages in /home/ic/articubot_one/install
[2.394s] DEBUG:colcon.colcon_installed_package_information.package_discovery:Found 2 installed packages in /home/ic/my_bot_ws/install
[2.395s] DEBUG:colcon.colcon_installed_package_information.package_discovery:Found 2 installed packages in /home/ic/teste3/install
[2.404s] DEBUG:colcon.colcon_installed_package_information.package_discovery:Found 0 installed packages in /home/ic/teste4/install
[2.412s] DEBUG:colcon.colcon_installed_package_information.package_discovery:Found 0 installed packages in /home/ic/teste2/install
[2.431s] DEBUG:colcon.colcon_installed_package_information.package_discovery:Found 0 installed packages in /home/ic/teste/install
[2.444s] DEBUG:colcon.colcon_installed_package_information.package_discovery:Found 0 installed packages in /home/ic/tutorial2/install
[2.445s] DEBUG:colcon.colcon_installed_package_information.package_discovery:Found 0 installed packages in /home/ic/tutorial/install
[2.446s] DEBUG:colcon.colcon_installed_package_information.package_discovery:Found 56 installed packages in /home/ic/ros2_ws/install
[2.449s] DEBUG:colcon.colcon_installed_package_information.package_discovery:Found 385 installed packages in /opt/ros/iron
[2.451s] Level 1:colcon.colcon_core.package_discovery:discover_packages(prefix_path) using defaults
[4.080s] Level 5:colcon.colcon_core.verb:set package 'cadeira' build argument 'cmake_args' from command line to 'None'
[4.080s] Level 5:colcon.colcon_core.verb:set package 'cadeira' build argument 'cmake_target' from command line to 'None'
[4.080s] Level 5:colcon.colcon_core.verb:set package 'cadeira' build argument 'cmake_target_skip_unavailable' from command line to 'False'
[4.080s] Level 5:colcon.colcon_core.verb:set package 'cadeira' build argument 'cmake_clean_cache' from command line to 'False'
[4.080s] Level 5:colcon.colcon_core.verb:set package 'cadeira' build argument 'cmake_clean_first' from command line to 'False'
[4.080s] Level 5:colcon.colcon_core.verb:set package 'cadeira' build argument 'cmake_force_configure' from command line to 'False'
[4.080s] Level 5:colcon.colcon_core.verb:set package 'cadeira' build argument 'ament_cmake_args' from command line to 'None'
[4.080s] Level 5:colcon.colcon_core.verb:set package 'cadeira' build argument 'catkin_cmake_args' from command line to 'None'
[4.080s] Level 5:colcon.colcon_core.verb:set package 'cadeira' build argument 'catkin_skip_building_tests' from command line to 'False'
[4.080s] DEBUG:colcon.colcon_core.verb:Building package 'cadeira' with the following arguments: {'ament_cmake_args': None, 'build_base': '/home/ic/cadeira/build/cadeira', 'catkin_cmake_args': None, 'catkin_skip_building_tests': False, 'cmake_args': None, 'cmake_clean_cache': False, 'cmake_clean_first': False, 'cmake_force_configure': False, 'cmake_target': None, 'cmake_target_skip_unavailable': False, 'install_base': '/home/ic/cadeira/install/cadeira', 'merge_install': False, 'path': '/home/ic/cadeira/src/cadeira', 'symlink_install': True, 'test_result_base': None}
[4.081s] INFO:colcon.colcon_core.executor:Executing jobs using 'parallel' executor
[4.082s] DEBUG:colcon.colcon_parallel_executor.executor.parallel:run_until_complete
[4.082s] INFO:colcon.colcon_ros.task.ament_cmake.build:Building ROS package in '/home/ic/cadeira/src/cadeira' with build type 'ament_cmake'
[4.082s] INFO:colcon.colcon_cmake.task.cmake.build:Building CMake package in '/home/ic/cadeira/src/cadeira'
[4.124s] INFO:colcon.colcon_core.plugin_system:Skipping extension 'colcon_core.shell.bat': Not used on non-Windows systems
[4.124s] INFO:colcon.colcon_core.shell:Skip shell extension 'powershell' for command environment: Not usable outside of PowerShell
[4.124s] DEBUG:colcon.colcon_core.shell:Skip shell extension 'dsv' for command environment
[4.222s] DEBUG:colcon.colcon_core.event_handler.log_command:Invoking command in '/home/ic/cadeira/build/cadeira': CMAKE_PREFIX_PATH=${CMAKE_PREFIX_PATH}:/home/ic/ros2_ws/install/rqt_joint_trajectory_controller:/home/ic/ros2_ws/install/rqt_controller_manager:/home/ic/ros2_ws/install/ros2controlcli:/home/ic/ros2_ws/install/ros2_controllers_test_nodes:/opt/ros/iron /usr/bin/cmake --build /home/ic/cadeira/build/cadeira -- -j8 -l8
[4.595s] DEBUG:colcon.colcon_core.event_handler.log_command:Invoked command in '/home/ic/cadeira/build/cadeira' returned '0': CMAKE_PREFIX_PATH=${CMAKE_PREFIX_PATH}:/home/ic/ros2_ws/install/rqt_joint_trajectory_controller:/home/ic/ros2_ws/install/rqt_controller_manager:/home/ic/ros2_ws/install/ros2controlcli:/home/ic/ros2_ws/install/ros2_controllers_test_nodes:/opt/ros/iron /usr/bin/cmake --build /home/ic/cadeira/build/cadeira -- -j8 -l8
[4.658s] DEBUG:colcon.colcon_core.event_handler.log_command:Invoking command in '/home/ic/cadeira/build/cadeira': CMAKE_PREFIX_PATH=${CMAKE_PREFIX_PATH}:/home/ic/ros2_ws/install/rqt_joint_trajectory_controller:/home/ic/ros2_ws/install/rqt_controller_manager:/home/ic/ros2_ws/install/ros2controlcli:/home/ic/ros2_ws/install/ros2_controllers_test_nodes:/opt/ros/iron /usr/bin/cmake --install /home/ic/cadeira/build/cadeira
[4.793s] Level 1:colcon.colcon_core.environment:create_environment_scripts_only(cadeira)
[4.794s] DEBUG:colcon.colcon_core.event_handler.log_command:Invoked command in '/home/ic/cadeira/build/cadeira' returned '0': CMAKE_PREFIX_PATH=${CMAKE_PREFIX_PATH}:/home/ic/ros2_ws/install/rqt_joint_trajectory_controller:/home/ic/ros2_ws/install/rqt_controller_manager:/home/ic/ros2_ws/install/ros2controlcli:/home/ic/ros2_ws/install/ros2_controllers_test_nodes:/opt/ros/iron /usr/bin/cmake --install /home/ic/cadeira/build/cadeira
[4.852s] Level 1:colcon.colcon_core.environment:checking '/home/ic/cadeira/install/cadeira' for CMake module files
[4.853s] Level 1:colcon.colcon_core.environment:checking '/home/ic/cadeira/install/cadeira' for CMake config files
[4.854s] Level 1:colcon.colcon_core.shell:create_environment_hook('cadeira', 'cmake_prefix_path')
[4.855s] INFO:colcon.colcon_core.shell:Creating environment hook '/home/ic/cadeira/install/cadeira/share/cadeira/hook/cmake_prefix_path.ps1'
[4.866s] INFO:colcon.colcon_core.shell:Creating environment descriptor '/home/ic/cadeira/install/cadeira/share/cadeira/hook/cmake_prefix_path.dsv'
[4.868s] INFO:colcon.colcon_core.shell:Creating environment hook '/home/ic/cadeira/install/cadeira/share/cadeira/hook/cmake_prefix_path.sh'
[4.871s] Level 1:colcon.colcon_core.environment:checking '/home/ic/cadeira/install/cadeira/bin'
[4.872s] Level 1:colcon.colcon_core.environment:checking '/home/ic/cadeira/install/cadeira/lib/pkgconfig/cadeira.pc'
[4.872s] Level 1:colcon.colcon_core.environment:checking '/home/ic/cadeira/install/cadeira/lib/python3.10/site-packages'
[4.873s] Level 1:colcon.colcon_core.environment:checking '/home/ic/cadeira/install/cadeira/bin'
[4.874s] INFO:colcon.colcon_core.shell:Creating package script '/home/ic/cadeira/install/cadeira/share/cadeira/package.ps1'
[4.877s] INFO:colcon.colcon_core.shell:Creating package descriptor '/home/ic/cadeira/install/cadeira/share/cadeira/package.dsv'
[4.879s] INFO:colcon.colcon_core.shell:Creating package script '/home/ic/cadeira/install/cadeira/share/cadeira/package.sh'
[4.882s] INFO:colcon.colcon_core.shell:Creating package script '/home/ic/cadeira/install/cadeira/share/cadeira/package.bash'
[4.901s] INFO:colcon.colcon_core.shell:Creating package script '/home/ic/cadeira/install/cadeira/share/cadeira/package.zsh'
[4.922s] Level 1:colcon.colcon_core.environment:create_file_with_runtime_dependencies(/home/ic/cadeira/install/cadeira/share/colcon-core/packages/cadeira)
[5.010s] Level 1:colcon.colcon_core.environment:create_environment_scripts_only(cadeira)
[5.011s] Level 1:colcon.colcon_core.environment:checking '/home/ic/cadeira/install/cadeira' for CMake module files
[5.011s] Level 1:colcon.colcon_core.environment:checking '/home/ic/cadeira/install/cadeira' for CMake config files
[5.012s] Level 1:colcon.colcon_core.shell:create_environment_hook('cadeira', 'cmake_prefix_path')
[5.012s] INFO:colcon.colcon_core.shell:Creating environment hook '/home/ic/cadeira/install/cadeira/share/cadeira/hook/cmake_prefix_path.ps1'
[5.012s] INFO:colcon.colcon_core.shell:Creating environment descriptor '/home/ic/cadeira/install/cadeira/share/cadeira/hook/cmake_prefix_path.dsv'
[5.013s] INFO:colcon.colcon_core.shell:Creating environment hook '/home/ic/cadeira/install/cadeira/share/cadeira/hook/cmake_prefix_path.sh'
[5.014s] Level 1:colcon.colcon_core.environment:checking '/home/ic/cadeira/install/cadeira/bin'
[5.014s] Level 1:colcon.colcon_core.environment:checking '/home/ic/cadeira/install/cadeira/lib/pkgconfig/cadeira.pc'
[5.014s] Level 1:colcon.colcon_core.environment:checking '/home/ic/cadeira/install/cadeira/lib/python3.10/site-packages'
[5.015s] Level 1:colcon.colcon_core.environment:checking '/home/ic/cadeira/install/cadeira/bin'
[5.015s] INFO:colcon.colcon_core.shell:Creating package script '/home/ic/cadeira/install/cadeira/share/cadeira/package.ps1'
[5.016s] INFO:colcon.colcon_core.shell:Creating package descriptor '/home/ic/cadeira/install/cadeira/share/cadeira/package.dsv'
[5.016s] INFO:colcon.colcon_core.shell:Creating package script '/home/ic/cadeira/install/cadeira/share/cadeira/package.sh'
[5.017s] INFO:colcon.colcon_core.shell:Creating package script '/home/ic/cadeira/install/cadeira/share/cadeira/package.bash'
[5.017s] INFO:colcon.colcon_core.shell:Creating package script '/home/ic/cadeira/install/cadeira/share/cadeira/package.zsh'
[5.017s] Level 1:colcon.colcon_core.environment:create_file_with_runtime_dependencies(/home/ic/cadeira/install/cadeira/share/colcon-core/packages/cadeira)
[5.018s] DEBUG:colcon.colcon_parallel_executor.executor.parallel:closing loop
[5.018s] DEBUG:colcon.colcon_parallel_executor.executor.parallel:loop closed
[5.018s] DEBUG:colcon.colcon_parallel_executor.executor.parallel:run_until_complete finished with '0'
[5.018s] DEBUG:colcon.colcon_core.event_reactor:joining thread
[5.052s] INFO:colcon.colcon_core.plugin_system:Skipping extension 'colcon_notification.desktop_notification.terminal_notifier': Not used on non-Darwin systems
[5.053s] INFO:colcon.colcon_core.plugin_system:Skipping extension 'colcon_notification.desktop_notification.win32': Not used on non-Windows systems
[5.053s] INFO:colcon.colcon_notification.desktop_notification:Sending desktop notification using 'notify2'
[5.111s] DEBUG:colcon.colcon_core.event_reactor:joined thread
[5.112s] INFO:colcon.colcon_core.shell:Creating prefix script '/home/ic/cadeira/install/local_setup.ps1'
[5.115s] INFO:colcon.colcon_core.shell:Creating prefix util module '/home/ic/cadeira/install/_local_setup_util_ps1.py'
[5.149s] INFO:colcon.colcon_core.shell:Creating prefix chain script '/home/ic/cadeira/install/setup.ps1'
[5.155s] INFO:colcon.colcon_core.shell:Creating prefix script '/home/ic/cadeira/install/local_setup.sh'
[5.168s] INFO:colcon.colcon_core.shell:Creating prefix util module '/home/ic/cadeira/install/_local_setup_util_sh.py'
[5.168s] INFO:colcon.colcon_core.shell:Creating prefix chain script '/home/ic/cadeira/install/setup.sh'
[5.173s] INFO:colcon.colcon_core.shell:Creating prefix script '/home/ic/cadeira/install/local_setup.bash'
[5.174s] INFO:colcon.colcon_core.shell:Creating prefix chain script '/home/ic/cadeira/install/setup.bash'
[5.178s] INFO:colcon.colcon_core.shell:Creating prefix script '/home/ic/cadeira/install/local_setup.zsh'
[5.179s] INFO:colcon.colcon_core.shell:Creating prefix chain script '/home/ic/cadeira/install/setup.zsh'
